Vivado Simulator v2024.2.2
Copyright 1986-2022 Xilinx, Inc. All Rights Reserved.
Copyright 2022-2024 Advanced Micro Devices, Inc. All Rights Reserved.
Running: /umbc/software/Xilinx/Vivado/2024.2/bin/unwrapped/lnx64.o/xelab chip_tb -debug typical -s sim_out 
Multi-threading is on. Using 14 slave threads.
Starting static elaboration
Completed static elaboration
Starting simulation data flow analysis
Completed simulation data flow analysis
Time Resolution for simulation is 1ps
Compiling package std.standard
Compiling package std.textio
Compiling package ieee.std_logic_1164
Compiling package ieee.numeric_std
Compiling package ieee.std_logic_textio
Compiling package ieee.std_logic_arith
Compiling architecture structural of entity work.inv [inv_default]
Compiling architecture structural of entity work.nand2 [nand2_default]
Compiling architecture structural of entity work.dlatch [dlatch_default]
Compiling architecture structural of entity work.dff [dff_default]
Compiling architecture structural of entity work.dff8bit_pos [dff8bit_pos_default]
Compiling architecture structural of entity work.or2 [or2_default]
Compiling architecture structural of entity work.and2 [and2_default]
Compiling architecture structural of entity work.xor2 [xor2_default]
Compiling architecture structural of entity work.mux21 [mux21_default]
Compiling architecture structural of entity work.dff_neg [dff_neg_default]
Compiling architecture structural of entity work.program_counter [program_counter_default]
Compiling architecture behavioral of entity work.cache_fsm [cache_fsm_default]
Compiling architecture structural of entity work.cache_controller_top [cache_controller_top_default]
Compiling architecture structural of entity work.mux218 [mux218_default]
Compiling architecture structural of entity work.mux212 [mux212_default]
Compiling architecture structural of entity work.and3 [and3_default]
Compiling architecture structural of entity work.decoder24 [decoder24_default]
Compiling architecture structural of entity work.addressToCacheE [addresstocachee_default]
Compiling architecture structural of entity work.selector [selector_default]
Compiling architecture structural of entity work.tx [tx_default]
Compiling architecture structural of entity work.cacheCell [cachecell_default]
Compiling architecture structural of entity work.cacheByte [cachebyte_default]
Compiling architecture structural of entity work.cache16Byte [cache16byte_default]
Compiling architecture structural of entity work.mux42 [mux42_default]
Compiling architecture structural of entity work.mux161 [mux161_default]
Compiling architecture structural of entity work.mux1618_data_out [mux1618_data_out_default]
Compiling architecture structural of entity work.cache_interface [cache_interface_default]
Compiling architecture structural of entity work.tx8bit [tx8bit_default]
Compiling architecture structural of entity work.decoder24_weird [decoder24_weird_default]
Compiling architecture structural of entity work.dff2bit [dff2bit_default]
Compiling architecture structural of entity work.vt_regs [vt_regs_default]
Compiling architecture structural of entity work.xnor2 [xnor2_default]
Compiling architecture structural of entity work.hit_miss [hit_miss_default]
Compiling architecture structural of entity work.mux413HML [mux413hml_default]
Compiling architecture structural of entity work.vt_interface [vt_interface_default]
Compiling architecture structural of entity work.peripheral_interface2 [peripheral_interface2_default]
Compiling architecture structural of entity work.chip [chip_default]
Compiling architecture behavior of entity work.chip_tb
Built simulation snapshot sim_out
