#-----------------------------------------------------------
# Vivado v2024.2.2 (64-bit)
# SW Build 6060944 on Thu Mar 06 19:10:09 MST 2025
# IP Build 6050500 on Thu Mar  6 23:33:39 MST 2025
# SharedData Build 6060542 on Thu Mar 06 10:31:07 MST 2025
# Start of session at: Wed Nov 12 18:04:53 2025
# Process ID         : 856316
# Current directory  : /afs/umbc.edu/users/m/u/mumar2/home/cadence/cadence_setup/Project/FinalProj
# Command line       : vivado -init /umbc/software/scripts/vivado_init.tcl -mode batch -source vivado_init.tcl
# Log file           : /afs/umbc.edu/users/m/u/mumar2/home/cadence/cadence_setup/Project/FinalProj/vivado.log
# Journal file       : /afs/umbc.edu/users/m/u/mumar2/home/cadence/cadence_setup/Project/FinalProj/vivado.jou
# Running On         : ite375pc09.cs.umbc.edu
# Platform           : unknown
# Operating System   : unknown
# Processor Detail   : 11th Gen Intel(R) Core(TM) i7-11700 @ 2.50GHz
# CPU Frequency      : 800.000 MHz
# CPU Physical cores : 8
# CPU Logical cores  : 16
# Host memory        : 33088 MB
# Swap memory        : 0 MB
# Total Virtual      : 33088 MB
# Available Virtual  : 29902 MB
#-----------------------------------------------------------
open_project /umbc/software/scripts/vivado_init.tcl
ERROR: [Coretcl 2-1982] Invalid project file name. File must have a valid project extension (.ppr/.xpr). Provided: /umbc/software/scripts/vivado_init.tcl
INFO: [Common 17-206] Exiting Vivado at Wed Nov 12 18:06:31 2025...
